[debug] > Exec(;reload; set _root_.org.jetbrains.sbt.StructureKeys.sbtStructureOptions in Global := "download resolveClassifiers resolveSbtClassifiers" ;preferScala2;*/*:dumpStructureTo C:/Users/Declan/AppData/Local/Temp/sbt-structure2.xml; session clear-all ; set ideaPort in Global := 50002, None, None)
[debug] > Exec(reload, None, None)
[debug] > Exec(sbtStashOnFailure, None, None)
[debug] > Exec(onFailure loadFailed, None, None)
[debug] > Exec(loadp, None, None)
[info] welcome to sbt 1.9.6 (Oracle Corporation Java 19.0.1)
[debug]       Load.loadUnit: plugins took 16.5096ms
[debug]       Load.loadUnit: defsScala took 0.0072ms
[debug] [Loading] Scanning directory C:\Users\Declan\.sbt\1.0\plugins
[debug] [Loading] Found non-root projects 
[debug] [Loading] Done in C:\Users\Declan\.sbt\1.0\plugins, returning: ()
[debug] deducing auto plugins based on known facts Set(Atom(sbt.plugins.CorePlugin)) and clauses Clauses(Clause(Atom(sbt.plugins.JvmPlugin),Set(Atom(sbt.plugins.IvyPlugin)))
[debug] Clause(Atom(sbt.ScriptedPlugin),Set(Atom(sbt.plugins.JvmPlugin)))
[debug] Clause(Atom(sbt.plugins.SbtPlugin),Set(Atom(sbt.ScriptedPlugin)))
[debug] Clause(Atom(sbt.plugins.SemanticdbPlugin),Set(Atom(sbt.plugins.JvmPlugin)))
[debug] Clause(Atom(sbt.plugins.JUnitXmlReportPlugin),Set(Atom(sbt.plugins.JvmPlugin)))
[debug] Clause(Atom(sbt.plugins.MiniDependencyTreePlugin),Set(Atom(sbt.plugins.JvmPlugin)))
[debug] Clause(Atom(sbt.plugins.CorePlugin),Set(Atom(sbt.plugins.IvyPlugin)))
[debug] Clause(Atom(sbt.plugins.IvyPlugin),Set(Atom(sbt.plugins.JvmPlugin)))
[debug] Clause(Atom(sbt.plugins.JvmPlugin),Set(Atom(sbt.plugins.SemanticdbPlugin)))
[debug] Clause(Atom(sbt.plugins.JvmPlugin),Set(Atom(sbt.plugins.JUnitXmlReportPlugin)))
[debug] Clause(Atom(sbt.plugins.CorePlugin),Set(Atom(sbt.plugins.Giter8TemplatePlugin)))
[debug] Clause(Atom(sbt.plugins.JvmPlugin),Set(Atom(sbt.plugins.MiniDependencyTreePlugin))))
[debug]   :: deduced result: Matched(sbt.plugins.CorePlugin,sbt.plugins.Giter8TemplatePlugin,sbt.plugins.IvyPlugin,sbt.plugins.JvmPlugin,sbt.plugins.MiniDependencyTreePlugin,sbt.plugins.JUnitXmlReportPlugin,sbt.plugins.SemanticdbPlugin)
[debug] Plugins.deducer#function took 1.0705 ms
[debug]           Load.resolveProject(global-plugins) took 1.2701ms
[debug]         Load.loadTransitive: finalizeProject(Project(id global-plugins, base: C:\Users\Declan\.sbt\1.0\plugins, plugins: List(<none>))) took 2.9132ms
[debug] [Loading] Done in C:\Users\Declan\.sbt\1.0\plugins, returning: (global-plugins)
[debug]       Load.loadUnit: loadedProjectsRaw took 4.4281ms
[debug]       Load.loadUnit: cleanEvalClasses took 0.0223ms
[debug]     Load.loadUnit(file:/C:/Users/Declan/.sbt/1.0/plugins/, ...) took 21.931ms
[debug]   Load.apply: load took 22.9339ms
[debug]   Load.apply: resolveProjects took 0.0859ms
[debug]   Load.apply: finalTransforms took 6.0456ms
[debug]   Load.apply: config.delegates took 0.3247ms
[debug]   Load.apply: Def.make(settings)... took 37.9137ms
[debug]   Load.apply: structureIndex took 18.5996ms
[debug]   Load.apply: mkStreams took 0.0037ms
[info] loading global plugins from C:\Users\Declan\.sbt\1.0\plugins
[debug] Running task... Cancel: Signal, check cycles: false, forcegc: true
[debug] Load.defaultLoad until apply took 325.6422ms
[debug]           Load.loadUnit: plugins took 22.7425ms
[debug]           Load.loadUnit: defsScala took 0.0036ms
[debug] [Loading] Scanning directory C:\Users\Declan\Downloads\tictactoe\project
[debug]             Load.loadUnit: mkEval took 0.3013ms
[debug] [Loading] Found non-root projects 
[debug] [Loading] Done in C:\Users\Declan\Downloads\tictactoe\project, returning: ()
[debug] deducing auto plugins based on known facts Set(Atom(sbt.plugins.CorePlugin)) and clauses Clauses(Clause(Atom(sbt.plugins.JvmPlugin),Set(Atom(sbt.plugins.IvyPlugin)))
[debug] Clause(Atom(sbt.ScriptedPlugin),Set(Atom(sbt.plugins.JvmPlugin)))
[debug] Clause(Atom(sbt.plugins.SbtPlugin),Set(Atom(sbt.ScriptedPlugin)))
[debug] Clause(Atom(sbt.plugins.SemanticdbPlugin),Set(Atom(sbt.plugins.JvmPlugin)))
[debug] Clause(Atom(sbt.plugins.JUnitXmlReportPlugin),Set(Atom(sbt.plugins.JvmPlugin)))
[debug] Clause(Atom(sbt.plugins.MiniDependencyTreePlugin),Set(Atom(sbt.plugins.JvmPlugin)))
[debug] Clause(Atom(sbt.plugins.CorePlugin),Set(Atom(sbt.plugins.IvyPlugin)))
[debug] Clause(Atom(sbt.plugins.IvyPlugin),Set(Atom(sbt.plugins.JvmPlugin)))
[debug] Clause(Atom(sbt.plugins.JvmPlugin),Set(Atom(sbt.plugins.SemanticdbPlugin)))
[debug] Clause(Atom(sbt.plugins.JvmPlugin),Set(Atom(sbt.plugins.JUnitXmlReportPlugin)))
[debug] Clause(Atom(sbt.plugins.CorePlugin),Set(Atom(sbt.plugins.Giter8TemplatePlugin)))
[debug] Clause(Atom(sbt.plugins.JvmPlugin),Set(Atom(sbt.plugins.MiniDependencyTreePlugin))))
[debug]   :: deduced result: Matched(sbt.plugins.CorePlugin,sbt.plugins.Giter8TemplatePlugin,sbt.plugins.IvyPlugin,sbt.plugins.JvmPlugin,sbt.plugins.MiniDependencyTreePlugin,sbt.plugins.JUnitXmlReportPlugin,sbt.plugins.SemanticdbPlugin)
[debug] Plugins.deducer#function took 1.3537 ms
[info] loading settings for project tictactoe-build from idea3.sbt ...
[debug]               Load.resolveProject(tictactoe-build) took 1.6789ms
[debug]             Load.loadTransitive: finalizeProject(Project(id tictactoe-build, base: C:\Users\Declan\Downloads\tictactoe\project, plugins: List(<none>))) took 3.5044ms
[debug] [Loading] Done in C:\Users\Declan\Downloads\tictactoe\project, returning: (tictactoe-build)
[debug]           Load.loadUnit: loadedProjectsRaw took 28.8835ms
[debug]           Load.loadUnit: cleanEvalClasses took 2.4926ms
[debug]         Load.loadUnit(file:/C:/Users/Declan/Downloads/tictactoe/project/, ...) took 54.9755ms
[debug]       Load.apply: load took 56.1839ms
[debug]       Load.apply: resolveProjects took 0.108ms
[debug]       Load.apply: finalTransforms took 4.4768ms
[debug]       Load.apply: config.delegates took 0.2897ms
[debug]       Load.apply: Def.make(settings)... took 33.2069ms
[debug]       Load.apply: structureIndex took 26.1219ms
[debug]       Load.apply: mkStreams took 0.0033ms
[info] loading project definition from C:\Users\Declan\Downloads\tictactoe\project
[debug] Running task... Cancel: Signal, check cycles: false, forcegc: true
[debug]     Load.loadUnit: plugins took 256.6517ms
[debug]     Load.loadUnit: defsScala took 0.0023ms
[debug] [Loading] Scanning directory C:\Users\Declan\Downloads\tictactoe
[debug]       Load.loadUnit: mkEval took 0.3006ms
[debug] [Loading] Found root project root w/ remaining 
[debug] deducing auto plugins based on known facts Set(Atom(sbt.plugins.CorePlugin)) and clauses Clauses(Clause(Atom(sbt.plugins.JvmPlugin),Set(Atom(sbt.plugins.IvyPlugin)))
[debug] Clause(Atom(sbt.ScriptedPlugin),Set(Atom(sbt.plugins.JvmPlugin)))
[debug] Clause(Atom(sbt.plugins.SbtPlugin),Set(Atom(sbt.ScriptedPlugin)))
[debug] Clause(Atom(sbt.plugins.SemanticdbPlugin),Set(Atom(sbt.plugins.JvmPlugin)))
[debug] Clause(Atom(sbt.plugins.JUnitXmlReportPlugin),Set(Atom(sbt.plugins.JvmPlugin)))
[debug] Clause(Atom(sbt.plugins.MiniDependencyTreePlugin),Set(Atom(sbt.plugins.JvmPlugin)))
[debug] Clause(Atom(org.jetbrains.sbt.StructurePlugin),Set(Atom(sbt.plugins.JvmPlugin)))
[debug] Clause(Atom(org.jetbrains.sbt.IdeaShellPlugin),Set(Atom(sbt.plugins.JvmPlugin)))
[debug] Clause(Atom(org.jetbrains.sbt.indices.SbtIntellijIndicesPlugin),Set(Atom(sbt.plugins.JvmPlugin)))
[debug] Clause(Atom(sbt.plugins.CorePlugin),Set(Atom(sbt.plugins.IvyPlugin)))
[debug] Clause(Atom(sbt.plugins.IvyPlugin),Set(Atom(sbt.plugins.JvmPlugin)))
[debug] Clause(Atom(sbt.plugins.JvmPlugin),Set(Atom(sbt.plugins.SemanticdbPlugin)))
[debug] Clause(Atom(sbt.plugins.JvmPlugin),Set(Atom(sbt.plugins.JUnitXmlReportPlugin)))
[debug] Clause(Atom(sbt.plugins.CorePlugin),Set(Atom(sbt.plugins.Giter8TemplatePlugin)))
[debug] Clause(Atom(sbt.plugins.JvmPlugin),Set(Atom(sbt.plugins.MiniDependencyTreePlugin)))
[debug] Clause(Atom(sbt.plugins.JvmPlugin),Set(Atom(org.jetbrains.sbt.StructurePlugin)))
[debug] Clause(Atom(sbt.plugins.JvmPlugin),Set(Atom(org.jetbrains.sbt.IdeaShellPlugin)))
[debug] Clause(And(Set(Atom(sbt.plugins.CorePlugin), Atom(sbt.plugins.JvmPlugin))),Set(Atom(org.jetbrains.sbt.indices.SbtIntellijIndicesPlugin))))
[debug]   :: deduced result: Matched(sbt.plugins.CorePlugin,sbt.plugins.Giter8TemplatePlugin,sbt.plugins.IvyPlugin,sbt.plugins.JvmPlugin,sbt.plugins.SemanticdbPlugin,org.jetbrains.sbt.indices.SbtIntellijIndicesPlugin,sbt.plugins.JUnitXmlReportPlugin,org.jetbrains.sbt.IdeaShellPlugin,org.jetbrains.sbt.StructurePlugin,sbt.plugins.MiniDependencyTreePlugin)
[debug] Plugins.deducer#function took 1.5227 ms
[info] loading settings for project root from build.sbt ...
[debug]         Load.resolveProject(root) took 28.9905ms
[debug]       Load.loadTransitive: finalizeProject(Project(id root, base: C:\Users\Declan\Downloads\tictactoe, plugins: List(<none>))) took 31.0735ms
[debug] [Loading] Done in C:\Users\Declan\Downloads\tictactoe, returning: (root)
[debug]     Load.loadUnit: loadedProjectsRaw took 90.0908ms
[debug]     Load.loadUnit: cleanEvalClasses took 9.2623ms
[debug]   Load.loadUnit(file:/C:/Users/Declan/Downloads/tictactoe/, ...) took 356.689ms
[debug] Load.apply: load took 357.8749ms
[debug] Load.apply: resolveProjects took 0.1035ms
[debug] Load.apply: finalTransforms took 13.4536ms
[debug] Load.apply: config.delegates took 0.2816ms
[debug] Load.apply: Def.make(settings)... took 57.2396ms
[debug] Load.apply: structureIndex took 16.845ms
[debug] Load.apply: mkStreams took 0.0035ms
[warn] Discarding 1 session setting.  Use 'session save' to persist session settings.
[info] set current project to tictactoe (in build file:/C:/Users/Declan/Downloads/tictactoe/)
[debug] > Exec(sbtPopOnFailure, None, None)
[debug] > Exec(resumeFromFailure, None, None)
[debug] > Exec(set _root_.org.jetbrains.sbt.StructureKeys.sbtStructureOptions in Global := "download resolveClassifiers resolveSbtClassifiers", None, None)
[info] Defining Global / sbtStructureOptions
[info] The new value will be used by Global / ssOptions
[debug] Defining 
[debug] 	Global / sbtStructureOptions
[debug] 
[debug] The new value will be used by 
[debug] 	Global / ssOptions
[info] Reapplying settings...
[info] set current project to tictactoe (in build file:/C:/Users/Declan/Downloads/tictactoe/)
[debug] > Exec(preferScala2, None, None)
[debug] > Exec(*/*:dumpStructureTo C:/Users/Declan/AppData/Local/Temp/sbt-structure2.xml, None, None)
[debug] Evaluating tasks: Global / dumpStructureTo
[warn] sbt 0.13 shell syntax is deprecated; use slash syntax instead: Global / dumpStructureTo
[debug] Running task... Cancel: Signal, check cycles: false, forcegc: true
[warn] Unrecognized repository Scala Plugin Bundled Repository, ignoring it
[warn] Unrecognized repository Scala Plugin Bundled Repository, ignoring it
[warn] Unrecognized repository Scala Plugin Bundled Repository, ignoring it
[info] Writing structure to C:\Users\Declan\AppData\Local\Temp\sbt-structure2.xml...
[info] Done.
[success] Total time: 7 s, completed Oct 10, 2023, 9:10:31 AM
[debug] > Exec(session clear-all, None, None)
[info] Reapplying settings...
[info] set current project to tictactoe (in build file:/C:/Users/Declan/Downloads/tictactoe/)
[debug] > Exec(set ideaPort in Global := 50002, None, None)
[info] Defining Global / ideaPort
[info] The new value will be used by Compile / compile, Test / compile
[debug] Defining 
[debug] 	Global / ideaPort
[debug] 
[debug] The new value will be used by 
[debug] 	Compile / compile
[debug] 	Test / compile
[info] Reapplying settings...
[info] set current project to tictactoe (in build file:/C:/Users/Declan/Downloads/tictactoe/)
[debug] > Exec(idea-shell, None, None)
[debug] > Exec(, None, None)
[debug] > Exec(idea-shell, None, None)
